#
# There is insufficient memory for the Java Runtime Environment to continue.
# Native memory allocation (malloc) failed to allocate 1048576 bytes for AllocateHeap
# Possible reasons:
#   The system is out of physical RAM or swap space
#   The process is running with CompressedOops enabled, and the Java Heap may be blocking the growth of the native heap
# Possible solutions:
#   Reduce memory load on the system
#   Increase physical memory or swap space
#   Check if swap backing store is full
#   Decrease Java heap size (-Xmx/-Xms)
#   Decrease number of Java threads
#   Decrease Java thread stack sizes (-Xss)
#   Set larger code cache with -XX:ReservedCodeCacheSize=
#   JVM is running with Unscaled Compressed Oops mode in which the Java heap is
#     placed in the first 4GB address space. The Java Heap base address is the
#     maximum limit for the native heap growth. Please use -XX:HeapBaseMinAddress
#     to set the Java Heap base and to place the Java Heap above 4GB virtual address.
# This output file may be truncated or incomplete.
#
#  Out of Memory Error (memory/allocation.inline.hpp:61), pid=23260, tid=0x00000000000006d8
#
# JRE version:  (8.0_192-b01) (build )
# Java VM: OpenJDK 64-Bit Server VM (25.192-b01 mixed mode windows-amd64 compressed oops)
# Failed to write core dump. Minidumps are not enabled by default on client versions of Windows
#

---------------  T H R E A D  ---------------

Current thread (0x0000000002f5e000):  JavaThread "Unknown thread" [_thread_in_vm, id=1752, stack(0x00000000014b0000,0x00000000015b0000)]

Stack: [0x00000000014b0000,0x00000000015b0000]
[error occurred during error reporting (printing stack bounds), id 0xc0000005]

Native frames: (J=compiled Java code, j=interpreted, Vv=VM code, C=native code)


---------------  P R O C E S S  ---------------

Java Threads: ( => current thread )

Other Threads:

=>0x0000000002f5e000 (exited) JavaThread "Unknown thread" [_thread_in_vm, id=1752, stack(0x00000000014b0000,0x00000000015b0000)]

VM state:not at safepoint (normal execution)

VM Mutex/Monitor currently owned by a thread: None

heap address: 0x0000000082e00000, size: 2002 MB, Compressed Oops mode: 32-bit
Narrow klass base: 0x0000000000000000, Narrow klass shift: 3
Compressed class space size: 1073741824 Address: 0x0000000100000000

Heap:
 PSYoungGen      total 37888K, used 655K [0x00000000d6500000, 0x00000000d8f00000, 0x0000000100000000)
  eden space 32768K, 2% used [0x00000000d6500000,0x00000000d65a3d80,0x00000000d8500000)
  from space 5120K, 0% used [0x00000000d8a00000,0x00000000d8a00000,0x00000000d8f00000)
  to   space 5120K, 0% used [0x00000000d8500000,0x00000000d8500000,0x00000000d8a00000)
 ParOldGen       total 86016K, used 0K [0x0000000082e00000, 0x0000000088200000, 0x00000000d6500000)
  object space 86016K, 0% used [0x0000000082e00000,0x0000000082e00000,0x0000000088200000)
 Metaspace       used 777K, capacity 4480K, committed 4480K, reserved 1056768K
  class space    used 74K, capacity 384K, committed 384K, reserved 1048576K

Card table byte_map: [0x0000000012690000,0x0000000012a80000] byte_map_base: 0x0000000012279000

Marking Bits: (ParMarkBitMap*) 0x000000006386cf50
 Begin Bits: [0x0000000013520000, 0x0000000015468000)
 End Bits:   [0x0000000015468000, 0x00000000173b0000)

Polling page: 0x0000000001050000

CodeCache: size=245760Kb used=328Kb max_used=328Kb free=245431Kb
 bounds [0x00000000032d0000, 0x0000000003540000, 0x00000000122d0000]
 total_blobs=57 nmethods=0 adapters=38
 compilation: enabled

Compilation events (0 events):
No events

GC Heap History (0 events):
No events

Deoptimization events (0 events):
No events

Classes redefined (0 events):
No events

Internal exceptions (0 events):
No events

Events (10 events):
Event: 0.020 loading class java/lang/Short
Event: 0.020 loading class java/lang/Short done
Event: 0.020 loading class java/lang/Integer
Event: 0.020 loading class java/lang/Integer done
Event: 0.020 loading class java/lang/Long
Event: 0.020 loading class java/lang/Long done
Event: 0.021 loading class java/lang/NullPointerException
Event: 0.021 loading class java/lang/NullPointerException done
Event: 0.021 loading class java/lang/ArithmeticException
Event: 0.021 loading class java/lang/ArithmeticException done


Dynamic libraries:
0x00007ff6ceb60000 - 0x00007ff6ceb95000 	C:\Program Files\Zulu\zulu-8\bin\javaw.exe
0x00007ffc4acc0000 - 0x00007ffc4aeb0000 	C:\Windows\SYSTEM32\ntdll.dll
0x00007ffc4a970000 - 0x00007ffc4aa22000 	C:\Windows\System32\KERNEL32.DLL
0x00007ffc48920000 - 0x00007ffc48bc5000 	C:\Windows\System32\KERNELBASE.dll
0x00007ffc4a6f0000 - 0x00007ffc4a793000 	C:\Windows\System32\ADVAPI32.dll
0x00007ffc49b30000 - 0x00007ffc49bce000 	C:\Windows\System32\msvcrt.dll
0x00007ffc4aa30000 - 0x00007ffc4aac7000 	C:\Windows\System32\sechost.dll
0x00007ffc49a10000 - 0x00007ffc49b30000 	C:\Windows\System32\RPCRT4.dll
0x00007ffc49730000 - 0x00007ffc498c5000 	C:\Windows\System32\USER32.dll
0x00007ffc47c50000 - 0x00007ffc47c71000 	C:\Windows\System32\win32u.dll
0x00007ffc49590000 - 0x00007ffc495b6000 	C:\Windows\System32\GDI32.dll
0x00007ffc48bd0000 - 0x00007ffc48d66000 	C:\Windows\System32\gdi32full.dll
0x00007ffc47ed0000 - 0x00007ffc47f6e000 	C:\Windows\System32\msvcp_win.dll
0x00007ffc487a0000 - 0x00007ffc4889a000 	C:\Windows\System32\ucrtbase.dll
0x00007ffc35460000 - 0x00007ffc356e4000 	C:\Windows\WinSxS\amd64_microsoft.windows.common-controls_6595b64144ccf1df_6.0.18362.1082_none_9e8193e1e45b25c1\COMCTL32.dll
0x00007ffc49c30000 - 0x00007ffc49f65000 	C:\Windows\System32\combase.dll
0x00007ffc488a0000 - 0x00007ffc48920000 	C:\Windows\System32\bcryptPrimitives.dll
0x00007ffc495c0000 - 0x00007ffc495ee000 	C:\Windows\System32\IMM32.DLL
0x0000000064ce0000 - 0x0000000064db2000 	C:\Program Files\Zulu\zulu-8\jre\bin\msvcr100.dll
0x00000000630a0000 - 0x00000000638ea000 	C:\Program Files\Zulu\zulu-8\jre\bin\server\jvm.dll
0x00007ffc49ff0000 - 0x00007ffc49ff8000 	C:\Windows\System32\PSAPI.DLL
0x00007ffc2ff60000 - 0x00007ffc2ff69000 	C:\Windows\SYSTEM32\WSOCK32.dll
0x00007ffc46cd0000 - 0x00007ffc46cda000 	C:\Windows\SYSTEM32\VERSION.dll
0x00007ffc400a0000 - 0x00007ffc400c4000 	C:\Windows\SYSTEM32\WINMM.dll
0x00007ffc499a0000 - 0x00007ffc49a0f000 	C:\Windows\System32\WS2_32.dll
0x00007ffc40070000 - 0x00007ffc4009d000 	C:\Windows\SYSTEM32\WINMMBASE.dll
0x00007ffc47cb0000 - 0x00007ffc47cfa000 	C:\Windows\System32\cfgmgr32.dll
0x00007ffc40220000 - 0x00007ffc4022f000 	C:\Program Files\Zulu\zulu-8\jre\bin\verify.dll
0x00007ffc28600000 - 0x00007ffc28629000 	C:\Program Files\Zulu\zulu-8\jre\bin\java.dll
0x00007ffc3acd0000 - 0x00007ffc3ace6000 	C:\Program Files\Zulu\zulu-8\jre\bin\zip.dll

VM Arguments:
jvm_args: -Dfile.encoding=MS949 
java_command: Main4963
java_class_path (initial): C:\Program Files\Zulu\zulu-8\jre\lib\resources.jar;C:\Program Files\Zulu\zulu-8\jre\lib\rt.jar;C:\Program Files\Zulu\zulu-8\jre\lib\jsse.jar;C:\Program Files\Zulu\zulu-8\jre\lib\jce.jar;C:\Program Files\Zulu\zulu-8\jre\lib\charsets.jar;C:\Program Files\Zulu\zulu-8\jre\lib\ext\access-bridge-64.jar;C:\Program Files\Zulu\zulu-8\jre\lib\ext\cldrdata.jar;C:\Program Files\Zulu\zulu-8\jre\lib\ext\dnsns.jar;C:\Program Files\Zulu\zulu-8\jre\lib\ext\jaccess.jar;C:\Program Files\Zulu\zulu-8\jre\lib\ext\localedata.jar;C:\Program Files\Zulu\zulu-8\jre\lib\ext\nashorn.jar;C:\Program Files\Zulu\zulu-8\jre\lib\ext\sunec.jar;C:\Program Files\Zulu\zulu-8\jre\lib\ext\sunjce_provider.jar;C:\Program Files\Zulu\zulu-8\jre\lib\ext\sunmscapi.jar;C:\Program Files\Zulu\zulu-8\jre\lib\ext\sunpkcs11.jar;C:\Program Files\Zulu\zulu-8\jre\lib\ext\zipfs.jar;D:\algorithm\daily-algorithm\2020_10\bin
Launcher Type: SUN_STANDARD

Environment Variables:
PATH=C:/Program Files/Zulu/zulu-8/bin/../jre/bin/server;C:/Program Files/Zulu/zulu-8/bin/../jre/bin;C:/Program Files/Zulu/zulu-8/bin/../jre/lib/amd64;C:\windows\system32;C:\windows;C:\windows\System32\Wbem;C:\windows\System32\WindowsPowerShell\v1.0\;C:\windows\System32\OpenSSH\;C:\Program Files (x86)\NVIDIA Corporation\PhysX\Common;C:\Program Files\NVIDIA Corporation\NVIDIA NvDLISR;C:\Program Files\Intel\WiFi\bin\;C:\Program Files\Common Files\Intel\WirelessCommon\;C:\Program Files\Zulu\zulu-8\bin\;C:\Program Files\nodejs\;C:\Program Files\Git\cmd;C:\Users\hoh3\AppData\Local\Microsoft\WindowsApps;C:\Program Files\Bandizip\;C:\Users\hoh3\AppData\Local\Programs\Microsoft VS Code\bin;C:\Users\hoh3\AppData\Roaming\npm;D:\ssafy\eclipse;
USERNAME=hoh3
OS=Windows_NT
PROCESSOR_IDENTIFIER=Intel64 Family 6 Model 142 Stepping 12, GenuineIntel



---------------  S Y S T E M  ---------------

OS: Windows 10.0 , 64 bit Build 18362 (10.0.18362.1082)

CPU:total 8 (initial active 8) (4 cores per cpu, 2 threads per core) family 6 model 142 stepping 12, cmov, cx8, fxsr, mmx, sse, sse2, sse3, ssse3, sse4.1, sse4.2, popcnt, avx, avx2, aes, clmul, erms, 3dnowpref, lzcnt, ht, tsc, tscinvbit, bmi1, bmi2, adx

Memory: 4k page, physical 8193648k(2337924k free), swap 10135152k(6028k free)

vm_info: OpenJDK 64-Bit Server VM (25.192-b01) for windows-amd64 JRE (1.8.0_192-b01), built on Oct 17 2018 09:53:48 by "tester" with MS VC++ 10.0 (VS2010)

time: Sun Oct 18 18:49:26 2020
timezone: 대한민국 표준시
elapsed time: 0 seconds (0d 0h 0m 0s)

